<?xml version="1.0" encoding="UTF-8"?>
<testsuite xmlns:xsi="http://www.w3.org/2001/XMLSchema-instance" xsi:noNamespaceSchemaLocation="https://maven.apache.org/surefire/maven-surefire-plugin/xsd/surefire-test-report-3.0.xsd" version="3.0" name="CostAndInterestTest" time="0.116" tests="12" errors="0" skipped="0" failures="0">
  <properties>
[...]
</properties>
  <testcase name="highStandardFullyAutomatedCostPerUnit2500" classname="CostAndInterestTest" time="0.046"/>
  <testcase name="simpleInterestZeroRate" classname="CostAndInterestTest" time="0.004"/>
  <testcase name="simpleInterestZeroTime" classname="CostAndInterestTest" time="0.002"/>
  <testcase name="aboveStandardFullyAutomatedCostPerUnit2200" classname="CostAndInterestTest" time="0.002"/>
  <testcase name="standardFullyAutomatedCostPerUnit1900" classname="CostAndInterestTest" time="0.002"/>
  <testcase name="unknownMaterialReturnsZero" classname="CostAndInterestTest" time="0.003"/>
  <testcase name="highStandardManualCostPerUnit1800" classname="CostAndInterestTest" time="0.001"/>
  <testcase name="simpleInterestBasicCase" classname="CostAndInterestTest" time="0.003"/>
  <testcase name="materialMatchingIsCaseInsensitive" classname="CostAndInterestTest" time="0.0"/>
  <testcase name="compoundInterestDoesNotThrow" classname="CostAndInterestTest" time="0.007"/>
  <testcase name="standardManualCostPerUnit1200" classname="CostAndInterestTest" time="0.002"/>
  <testcase name="aboveStandardManualCostPerUnit1500" classname="CostAndInterestTest" time="0.002"/>
</testsuite>